<?xml version="1.0" encoding="UTF-8"?>
<!-- Generated by org.testng.reporters.JUnitReportReporter -->
<testsuite hostname="DESKTOP-BG3CDC9" failures="0" tests="1" name="com.sauce.testCases.SauceCartPageTest" time="14.751" errors="0" timestamp="2023-02-22T17:35:42 IST" skipped="0">
  <testcase classname="com.sauce.testCases.SauceCartPageTest" name="login" time="14.751"/>
  <system-out/>
</testsuite> <!-- com.sauce.testCases.SauceCartPageTest -->
