<?xml version="1.0" encoding="UTF-8"?>
<!-- Generated by org.testng.reporters.JUnitReportReporter -->
<testsuite hostname="DESKTOP-BG3CDC9" failures="0" tests="1" name="com.sauce.testCases.SauceCompletePageTest" time="20.325" errors="0" timestamp="2023-03-03T22:24:44 IST" skipped="0">
  <testcase classname="com.sauce.testCases.SauceCompletePageTest" name="login" time="20.325"/>
  <system-out/>
</testsuite> <!-- com.sauce.testCases.SauceCompletePageTest -->
