<?xml version="1.0" encoding="UTF-8"?>
<!-- Generated by org.testng.reporters.JUnitReportReporter -->
<testsuite hostname="DESKTOP-BG3CDC9" failures="0" tests="1" name="com.sauce.testCases.SauceInformationPageTest" time="17.581" errors="0" timestamp="2023-02-22T22:09:08 IST" skipped="0">
  <testcase classname="com.sauce.testCases.SauceInformationPageTest" name="login" time="17.581"/>
  <system-out/>
</testsuite> <!-- com.sauce.testCases.SauceInformationPageTest -->
