<?xml version="1.0" encoding="UTF-8"?>
<!-- Generated by org.testng.reporters.JUnitReportReporter -->
<testsuite hostname="DESKTOP-BG3CDC9" failures="0" tests="1" name="com.sauce.testCases.SauceOverviewPageTest" time="18.475" errors="0" timestamp="2023-02-22T22:31:19 IST" skipped="0">
  <testcase classname="com.sauce.testCases.SauceOverviewPageTest" name="login" time="18.475"/>
  <system-out/>
</testsuite> <!-- com.sauce.testCases.SauceOverviewPageTest -->
